<?xml version="1.0" encoding="UTF-8"?>
<!-- Generated by org.testng.reporters.JUnitReportReporter -->
<testsuite hostname="LAPTOP-K0N85HR6" failures="0" tests="1" name="nexxvali.JenkinProjectdemo.Jenkinsdemo" time="0.029" errors="0" timestamp="2023-11-29T18:09:02 EST" skipped="0">
  <testcase classname="nexxvali.JenkinProjectdemo.Jenkinsdemo" name="jenkins" time="0.029"/>
  <system-out/>
</testsuite> <!-- nexxvali.JenkinProjectdemo.Jenkinsdemo -->
